> A50-3 <

+ Raw Cat Meat Texture
+ Raw Dog Meat Texture
+ Raw Horse Meat Texture
+ Raw Parrot Meat Texture
+ Cooked Cat Meat Texture
+ Cooked Dog Meat Texture
+ Cooked Horse Meat Texture
+ Cooked Parrot Meat Texture


> B50-1 <

+ Basic Circuit Board Texture
+ Advanced Circuit Board Texture
+ Grandmas Walking Stick Texture
+ Grandpas Walking Stick Texture
+ Blade of Vampires Texture
+ Seismic Axe Texture
+ Explosive Bow Texture
+ Icy Bow Texture
+ Rag Texture
+ Bandage Texture
+ Splint Texture
+ Vitamins Texture
+ Gold Pan Texture
+ Nether Gold Pan Texture
+ Grappling Hook Texture
+ Smelters Pickaxe Texture
+ Explosive Pickaxe Texture
+ Explosive Shovel Texture
+ Lumber Axe Texture
+ Pickaxe of Containment Texture
+ Hercules Pickaxe Texture
+ Cobalt Pickaxe Texture
+ Pickaxe of Vein Mining Texture
+ Climbing Pick Texture
+ Magical Book Cover Texture
+ Magical Glass Texture
+ Common Talisman Texture
+ Talisman Textures (13)
+ Ender Talisman Textures (13)
+ Necrotic Skull Model and Texture
+ Essence of Afterlife Texture
+ Synthetic Shuler Shell Texture
+ Magic Crystal (Exhausted) Texture
+ Magic Crystal (Charged) Texture
+ Steel Thruster Texture
+ Reinforced Cloth Texture
+ Magnet Texture
+ Electromagnet Texture
+ Copper Wire Texture
+ Plastic Sheet Texture
+ Sifted Ore Texture
+ Wheat Flour Texture
+ Steel Plate Texture
+ Hook Texture
+ Salt Texture
+ Heavy Cream Texture
+ Crushed Ore Texture
+ Pulverized Ore Texture
+ Pure Ore Cluster Texture
+ Cloth Texture
+ Reinforced Plate Texture
+ Artificial Fertillizer Texture
+ Magic Eye of Ender Texture
+ Elemental Staff Texture
+ Water Elemental Staff Texture
+ Fire Elemental Staff Texture
+ Magical Zombie Pills Texture
+ Infused Magnet Texture
+ Tome of Knowledge Sharing Texture
+ Infernal Bonemeal Texture
+ Elytra Scale Texture
+ Capturing Orb Texture
+ Multimeter Texture
+ Upgrade Tool Texture
+ Dismantle Tool Texture
+ Reinforced Alloy Sword
+ Reinforced Alloy Pickaxe
+ Reinforced Alloy Axe
+ Reinforced Alloy Shovel
+ Reinforced Alloy Hoe
+ Crook Texture
+ Cornmeal Texture
+ Magical Essence Textures (All 20 types + Netherite Essence)
+ GPS Marker Tool Texture
+ Portable Geo Scanner Texture
+ Portable Teleporter Texture
+ Cargo Wrench Texture
+ Cargo Inspector Texture